shard_size = 0 shard_count = 0
Seeding random numbers with system clock 
name: case value: true
Data::m_score_type BLEU
Data::Scorer type from Scorer: BLEU
Loading Data from: run1.scores.dat and run1.features.dat
loading feature data from run1.features.dat
loading score data from run1.scores.dat
Loading Data from: run2.scores.dat and run2.features.dat
loading feature data from run2.features.dat
loading score data from run2.scores.dat
Loading Data from: run3.scores.dat and run3.features.dat
loading feature data from run3.features.dat
loading score data from run3.scores.dat
Loading Data from: run4.scores.dat and run4.features.dat
loading feature data from run4.features.dat
loading score data from run4.scores.dat
Data loaded : [Wall 5.73497 CPU 5.73473] seconds.
Creating a pool of 1 threads
Best point: 0.121023 0.0192443 0.0646281 0.149238 0.0486722 0.0883194 0.0637801 0.0871099 -0.122646 0.0758077 0.04252 0.040734 0.04252 0.0337576  => 0.330577
Stopping... : [Wall 405.544 CPU 405.416] seconds.
