shard_size = 0 shard_count = 0
Seeding random numbers with system clock 
name: case value: true
Data::m_score_type BLEU
Data::Scorer type from Scorer: BLEU
Loading Data from: run1.scores.dat and run1.features.dat
loading feature data from run1.features.dat
loading score data from run1.scores.dat
Loading Data from: run2.scores.dat and run2.features.dat
loading feature data from run2.features.dat
loading score data from run2.scores.dat
Loading Data from: run3.scores.dat and run3.features.dat
loading feature data from run3.features.dat
loading score data from run3.scores.dat
Loading Data from: run4.scores.dat and run4.features.dat
loading feature data from run4.features.dat
loading score data from run4.scores.dat
Loading Data from: run5.scores.dat and run5.features.dat
loading feature data from run5.features.dat
loading score data from run5.scores.dat
Data loaded : [Wall 7.20336 CPU 7.20288] seconds.
Creating a pool of 1 threads
Best point: 0.120198 0.0191132 0.0641877 0.148221 0.0480075 0.0877175 0.0633455 0.0865163 -0.12181 0.0824383 0.0422302 0.0404564 0.0422302 0.0335276  => 0.330548
Stopping... : [Wall 409.907 CPU 409.866] seconds.
