nohup: ignoring input
Using SCRIPTS_ROOTDIR: /home/d0mie/mosesSMT/mosesdecoder/scripts
Using single-thread GIZA
using gzip 
(1) preparing corpus @ Sun Oct 13 17:13:58 EAT 2019
Executing: mkdir -p /home/d0mie/mosesSMT/Baseline/working/train/corpus
(1.0) selecting factors @ Sun Oct 13 17:13:58 EAT 2019
(1.1) running mkcls  @ Sun Oct 13 17:13:58 EAT 2019
/home/d0mie/mosesSMT/mosesdecoder/tools/mkcls -c50 -n2 -p/home/d0mie/mosesSMT/Baseline/corpus/training-data.txt.tok.en-sw.clean.en -V/home/d0mie/mosesSMT/Baseline/working/train/corpus/en.vcb.classes opt
  /home/d0mie/mosesSMT/Baseline/working/train/corpus/en.vcb.classes already in place, reusing
(1.1) running mkcls  @ Sun Oct 13 17:13:58 EAT 2019
/home/d0mie/mosesSMT/mosesdecoder/tools/mkcls -c50 -n2 -p/home/d0mie/mosesSMT/Baseline/corpus/training-data.txt.tok.en-sw.clean.sw -V/home/d0mie/mosesSMT/Baseline/working/train/corpus/sw.vcb.classes opt
  /home/d0mie/mosesSMT/Baseline/working/train/corpus/sw.vcb.classes already in place, reusing
(1.2) creating vcb file /home/d0mie/mosesSMT/Baseline/working/train/corpus/en.vcb @ Sun Oct 13 17:13:58 EAT 2019
(1.2) creating vcb file /home/d0mie/mosesSMT/Baseline/working/train/corpus/sw.vcb @ Sun Oct 13 17:13:58 EAT 2019
(1.3) numberizing corpus /home/d0mie/mosesSMT/Baseline/working/train/corpus/en-sw-int-train.snt @ Sun Oct 13 17:13:59 EAT 2019
  /home/d0mie/mosesSMT/Baseline/working/train/corpus/en-sw-int-train.snt already in place, reusing
(1.3) numberizing corpus /home/d0mie/mosesSMT/Baseline/working/train/corpus/sw-en-int-train.snt @ Sun Oct 13 17:13:59 EAT 2019
  /home/d0mie/mosesSMT/Baseline/working/train/corpus/sw-en-int-train.snt already in place, reusing
(2) running giza @ Sun Oct 13 17:13:59 EAT 2019
(2.1a) running snt2cooc en-sw @ Sun Oct 13 17:13:59 EAT 2019

Executing: mkdir -p /home/d0mie/mosesSMT/Baseline/working/train/giza.en-sw
Executing: /home/d0mie/mosesSMT/mosesdecoder/tools/snt2cooc.out /home/d0mie/mosesSMT/Baseline/working/train/corpus/sw.vcb /home/d0mie/mosesSMT/Baseline/working/train/corpus/en.vcb /home/d0mie/mosesSMT/Baseline/working/train/corpus/en-sw-int-train.snt > /home/d0mie/mosesSMT/Baseline/working/train/giza.en-sw/en-sw.cooc
/home/d0mie/mosesSMT/mosesdecoder/tools/snt2cooc.out /home/d0mie/mosesSMT/Baseline/working/train/corpus/sw.vcb /home/d0mie/mosesSMT/Baseline/working/train/corpus/en.vcb /home/d0mie/mosesSMT/Baseline/working/train/corpus/en-sw-int-train.snt > /home/d0mie/mosesSMT/Baseline/working/train/giza.en-sw/en-sw.cooc
line 1000
line 2000
line 3000
line 4000
line 5000
line 6000
line 7000
END.
(2.1b) running giza en-sw @ Sun Oct 13 17:14:05 EAT 2019
/home/d0mie/mosesSMT/mosesdecoder/tools/GIZA++  -CoocurrenceFile /home/d0mie/mosesSMT/Baseline/working/train/giza.en-sw/en-sw.cooc -c /home/d0mie/mosesSMT/Baseline/working/train/corpus/en-sw-int-train.snt -m1 5 -m2 0 -m3 3 -m4 3 -model1dumpfrequency 1 -model4smoothfactor 0.4 -nodumps 1 -nsmooth 4 -o /home/d0mie/mosesSMT/Baseline/working/train/giza.en-sw/en-sw -onlyaldumps 1 -p0 0.999 -s /home/d0mie/mosesSMT/Baseline/working/train/corpus/sw.vcb -t /home/d0mie/mosesSMT/Baseline/working/train/corpus/en.vcb
  /home/d0mie/mosesSMT/Baseline/working/train/giza.en-sw/en-sw.A3.final.gz seems finished, reusing.
(2.1a) running snt2cooc sw-en @ Sun Oct 13 17:14:05 EAT 2019

Executing: mkdir -p /home/d0mie/mosesSMT/Baseline/working/train/giza.sw-en
Executing: /home/d0mie/mosesSMT/mosesdecoder/tools/snt2cooc.out /home/d0mie/mosesSMT/Baseline/working/train/corpus/en.vcb /home/d0mie/mosesSMT/Baseline/working/train/corpus/sw.vcb /home/d0mie/mosesSMT/Baseline/working/train/corpus/sw-en-int-train.snt > /home/d0mie/mosesSMT/Baseline/working/train/giza.sw-en/sw-en.cooc
/home/d0mie/mosesSMT/mosesdecoder/tools/snt2cooc.out /home/d0mie/mosesSMT/Baseline/working/train/corpus/en.vcb /home/d0mie/mosesSMT/Baseline/working/train/corpus/sw.vcb /home/d0mie/mosesSMT/Baseline/working/train/corpus/sw-en-int-train.snt > /home/d0mie/mosesSMT/Baseline/working/train/giza.sw-en/sw-en.cooc
line 1000
line 2000
line 3000
line 4000
line 5000
line 6000
line 7000
END.
(2.1b) running giza sw-en @ Sun Oct 13 17:14:11 EAT 2019
/home/d0mie/mosesSMT/mosesdecoder/tools/GIZA++  -CoocurrenceFile /home/d0mie/mosesSMT/Baseline/working/train/giza.sw-en/sw-en.cooc -c /home/d0mie/mosesSMT/Baseline/working/train/corpus/sw-en-int-train.snt -m1 5 -m2 0 -m3 3 -m4 3 -model1dumpfrequency 1 -model4smoothfactor 0.4 -nodumps 1 -nsmooth 4 -o /home/d0mie/mosesSMT/Baseline/working/train/giza.sw-en/sw-en -onlyaldumps 1 -p0 0.999 -s /home/d0mie/mosesSMT/Baseline/working/train/corpus/en.vcb -t /home/d0mie/mosesSMT/Baseline/working/train/corpus/sw.vcb
  /home/d0mie/mosesSMT/Baseline/working/train/giza.sw-en/sw-en.A3.final.gz seems finished, reusing.
(3) generate word alignment @ Sun Oct 13 17:14:11 EAT 2019
Combining forward and inverted alignment from files:
  /home/d0mie/mosesSMT/Baseline/working/train/giza.en-sw/en-sw.A3.final.{bz2,gz}
  /home/d0mie/mosesSMT/Baseline/working/train/giza.sw-en/sw-en.A3.final.{bz2,gz}
Executing: mkdir -p /home/d0mie/mosesSMT/Baseline/working/train/model
Executing: /home/d0mie/mosesSMT/mosesdecoder/scripts/training/giza2bal.pl -d "gzip -cd /home/d0mie/mosesSMT/Baseline/working/train/giza.sw-en/sw-en.A3.final.gz" -i "gzip -cd /home/d0mie/mosesSMT/Baseline/working/train/giza.en-sw/en-sw.A3.final.gz" |/home/d0mie/mosesSMT/mosesdecoder/scripts/../bin/symal -alignment="grow" -diagonal="yes" -final="yes" -both="yes" > /home/d0mie/mosesSMT/Baseline/working/train/model/aligned.grow-diag-final-and
symal: computing grow alignment: diagonal (1) final (1)both-uncovered (1)
skip=<0> counts=<7968>
(4) generate lexical translation table 0-0 @ Sun Oct 13 17:14:18 EAT 2019
(/home/d0mie/mosesSMT/Baseline/corpus/training-data.txt.tok.en-sw.clean.en,/home/d0mie/mosesSMT/Baseline/corpus/training-data.txt.tok.en-sw.clean.sw,/home/d0mie/mosesSMT/Baseline/working/train/model/lex)
  reusing: /home/d0mie/mosesSMT/Baseline/working/train/model/lex.f2e and /home/d0mie/mosesSMT/Baseline/working/train/model/lex.e2f
(5) extract phrases @ Sun Oct 13 17:14:18 EAT 2019
/home/d0mie/mosesSMT/mosesdecoder/scripts/generic/extract-parallel.perl 4 split "sort    " /home/d0mie/mosesSMT/mosesdecoder/scripts/../bin/extract /home/d0mie/mosesSMT/Baseline/corpus/training-data.txt.tok.en-sw.clean.sw /home/d0mie/mosesSMT/Baseline/corpus/training-data.txt.tok.en-sw.clean.en /home/d0mie/mosesSMT/Baseline/working/train/model/aligned.grow-diag-final-and /home/d0mie/mosesSMT/Baseline/working/train/model/extract 7 orientation --model wbe-msd --GZOutput 
Executing: /home/d0mie/mosesSMT/mosesdecoder/scripts/generic/extract-parallel.perl 4 split "sort    " /home/d0mie/mosesSMT/mosesdecoder/scripts/../bin/extract /home/d0mie/mosesSMT/Baseline/corpus/training-data.txt.tok.en-sw.clean.sw /home/d0mie/mosesSMT/Baseline/corpus/training-data.txt.tok.en-sw.clean.en /home/d0mie/mosesSMT/Baseline/working/train/model/aligned.grow-diag-final-and /home/d0mie/mosesSMT/Baseline/working/train/model/extract 7 orientation --model wbe-msd --GZOutput 
MAX 7 1 0
Started Sun Oct 13 17:14:18 2019
using gzip 
isBSDSplit=0 
Executing: mkdir -p /home/d0mie/mosesSMT/Baseline/working/train/model/tmp.5291; ls -l /home/d0mie/mosesSMT/Baseline/working/train/model/tmp.5291 
total=7968 line-per-split=1993 
split -d -l 1993 -a 7 /home/d0mie/mosesSMT/Baseline/corpus/training-data.txt.tok.en-sw.clean.sw /home/d0mie/mosesSMT/Baseline/working/train/model/tmp.5291/target.split -d -l 1993 -a 7 /home/d0mie/mosesSMT/Baseline/corpus/training-data.txt.tok.en-sw.clean.en /home/d0mie/mosesSMT/Baseline/working/train/model/tmp.5291/source.split -d -l 1993 -a 7 /home/d0mie/mosesSMT/Baseline/working/train/model/aligned.grow-diag-final-and /home/d0mie/mosesSMT/Baseline/working/train/model/tmp.5291/align.merging extract / extract.inv
gunzip -c /home/d0mie/mosesSMT/Baseline/working/train/model/tmp.5291/extract.0000000.gz /home/d0mie/mosesSMT/Baseline/working/train/model/tmp.5291/extract.0000001.gz /home/d0mie/mosesSMT/Baseline/working/train/model/tmp.5291/extract.0000002.gz /home/d0mie/mosesSMT/Baseline/working/train/model/tmp.5291/extract.0000003.gz  | LC_ALL=C sort     -T /home/d0mie/mosesSMT/Baseline/working/train/model/tmp.5291 2>> /dev/stderr | gzip -c > /home/d0mie/mosesSMT/Baseline/working/train/model/extract.sorted.gz 2>> /dev/stderr 
gunzip -c /home/d0mie/mosesSMT/Baseline/working/train/model/tmp.5291/extract.0000000.inv.gz /home/d0mie/mosesSMT/Baseline/working/train/model/tmp.5291/extract.0000001.inv.gz /home/d0mie/mosesSMT/Baseline/working/train/model/tmp.5291/extract.0000002.inv.gz /home/d0mie/mosesSMT/Baseline/working/train/model/tmp.5291/extract.0000003.inv.gz  | LC_ALL=C sort     -T /home/d0mie/mosesSMT/Baseline/working/train/model/tmp.5291 2>> /dev/stderr | gzip -c > /home/d0mie/mosesSMT/Baseline/working/train/model/extract.inv.sorted.gz 2>> /dev/stderr 
gunzip -c /home/d0mie/mosesSMT/Baseline/working/train/model/tmp.5291/extract.0000000.o.gz /home/d0mie/mosesSMT/Baseline/working/train/model/tmp.5291/extract.0000001.o.gz /home/d0mie/mosesSMT/Baseline/working/train/model/tmp.5291/extract.0000002.o.gz /home/d0mie/mosesSMT/Baseline/working/train/model/tmp.5291/extract.0000003.o.gz  | LC_ALL=C sort     -T /home/d0mie/mosesSMT/Baseline/working/train/model/tmp.5291 2>> /dev/stderr | gzip -c > /home/d0mie/mosesSMT/Baseline/working/train/model/extract.o.sorted.gz 2>> /dev/stderr 
Finished Sun Oct 13 17:14:39 2019
(6) score phrases @ Sun Oct 13 17:14:39 EAT 2019
(6.1)  creating table half /home/d0mie/mosesSMT/Baseline/working/train/model/phrase-table.half.f2e @ Sun Oct 13 17:14:39 EAT 2019
/home/d0mie/mosesSMT/mosesdecoder/scripts/generic/score-parallel.perl 4 "sort    " /home/d0mie/mosesSMT/mosesdecoder/scripts/../bin/score /home/d0mie/mosesSMT/Baseline/working/train/model/extract.sorted.gz /home/d0mie/mosesSMT/Baseline/working/train/model/lex.f2e /home/d0mie/mosesSMT/Baseline/working/train/model/phrase-table.half.f2e.gz  0 
Executing: /home/d0mie/mosesSMT/mosesdecoder/scripts/generic/score-parallel.perl 4 "sort    " /home/d0mie/mosesSMT/mosesdecoder/scripts/../bin/score /home/d0mie/mosesSMT/Baseline/working/train/model/extract.sorted.gz /home/d0mie/mosesSMT/Baseline/working/train/model/lex.f2e /home/d0mie/mosesSMT/Baseline/working/train/model/phrase-table.half.f2e.gz  0 
using gzip 
Started Sun Oct 13 17:14:39 2019
/home/d0mie/mosesSMT/mosesdecoder/scripts/../bin/score /home/d0mie/mosesSMT/Baseline/working/train/model/tmp.5365/extract.0.gz /home/d0mie/mosesSMT/Baseline/working/train/model/lex.f2e /home/d0mie/mosesSMT/Baseline/working/train/model/tmp.5365/phrase-table.half.0000000.gz  2>> /dev/stderr 
/home/d0mie/mosesSMT/Baseline/working/train/model/tmp.5365/run.0.sh/home/d0mie/mosesSMT/Baseline/working/train/model/tmp.5365/run.1.sh/home/d0mie/mosesSMT/Baseline/working/train/model/tmp.5365/run.2.sh/home/d0mie/mosesSMT/Baseline/working/train/model/tmp.5365/run.3.shmv /home/d0mie/mosesSMT/Baseline/working/train/model/tmp.5365/phrase-table.half.0000000.gz /home/d0mie/mosesSMT/Baseline/working/train/model/phrase-table.half.f2e.gzrm -rf /home/d0mie/mosesSMT/Baseline/working/train/model/tmp.5365 
Finished Sun Oct 13 17:15:15 2019
(6.3)  creating table half /home/d0mie/mosesSMT/Baseline/working/train/model/phrase-table.half.e2f @ Sun Oct 13 17:15:15 EAT 2019
/home/d0mie/mosesSMT/mosesdecoder/scripts/generic/score-parallel.perl 4 "sort    " /home/d0mie/mosesSMT/mosesdecoder/scripts/../bin/score /home/d0mie/mosesSMT/Baseline/working/train/model/extract.inv.sorted.gz /home/d0mie/mosesSMT/Baseline/working/train/model/lex.e2f /home/d0mie/mosesSMT/Baseline/working/train/model/phrase-table.half.e2f.gz --Inverse 1 
Executing: /home/d0mie/mosesSMT/mosesdecoder/scripts/generic/score-parallel.perl 4 "sort    " /home/d0mie/mosesSMT/mosesdecoder/scripts/../bin/score /home/d0mie/mosesSMT/Baseline/working/train/model/extract.inv.sorted.gz /home/d0mie/mosesSMT/Baseline/working/train/model/lex.e2f /home/d0mie/mosesSMT/Baseline/working/train/model/phrase-table.half.e2f.gz --Inverse 1 
using gzip 
Started Sun Oct 13 17:15:15 2019
/home/d0mie/mosesSMT/mosesdecoder/scripts/../bin/score /home/d0mie/mosesSMT/Baseline/working/train/model/tmp.5425/extract.0.gz /home/d0mie/mosesSMT/Baseline/working/train/model/lex.e2f /home/d0mie/mosesSMT/Baseline/working/train/model/tmp.5425/phrase-table.half.0000000.gz --Inverse  2>> /dev/stderr 
/home/d0mie/mosesSMT/Baseline/working/train/model/tmp.5425/run.0.sh/home/d0mie/mosesSMT/Baseline/working/train/model/tmp.5425/run.1.sh/home/d0mie/mosesSMT/Baseline/working/train/model/tmp.5425/run.2.sh/home/d0mie/mosesSMT/Baseline/working/train/model/tmp.5425/run.3.shgunzip -c /home/d0mie/mosesSMT/Baseline/working/train/model/tmp.5425/phrase-table.half.*.gz 2>> /dev/stderr| LC_ALL=C sort     -T /home/d0mie/mosesSMT/Baseline/working/train/model/tmp.5425  | gzip -c > /home/d0mie/mosesSMT/Baseline/working/train/model/phrase-table.half.e2f.gz  2>> /dev/stderr rm -rf /home/d0mie/mosesSMT/Baseline/working/train/model/tmp.5425 
Finished Sun Oct 13 17:15:53 2019
(6.6) consolidating the two halves @ Sun Oct 13 17:15:53 EAT 2019
Executing: /home/d0mie/mosesSMT/mosesdecoder/scripts/../bin/consolidate /home/d0mie/mosesSMT/Baseline/working/train/model/phrase-table.half.f2e.gz /home/d0mie/mosesSMT/Baseline/working/train/model/phrase-table.half.e2f.gz /dev/stdout | gzip -c > /home/d0mie/mosesSMT/Baseline/working/train/model/phrase-table.gz
Consolidate v2.0 written by Philipp Koehn
consolidating direct and indirect rule tables
....
Executing: rm -f /home/d0mie/mosesSMT/Baseline/working/train/model/phrase-table.half.*
(7) learn reordering model @ Sun Oct 13 17:16:07 EAT 2019
(7.1) [no factors] learn reordering model @ Sun Oct 13 17:16:07 EAT 2019
(7.2) building tables @ Sun Oct 13 17:16:07 EAT 2019
Executing: /home/d0mie/mosesSMT/mosesdecoder/scripts/../bin/lexical-reordering-score /home/d0mie/mosesSMT/Baseline/working/train/model/extract.o.sorted.gz 0.5 /home/d0mie/mosesSMT/Baseline/working/train/model/reordering-table. --model "wbe msd wbe-msd-bidirectional-fe"
Lexical Reordering Scorer
scores lexical reordering models of several types (hierarchical, phrase-based and word-based-extraction
(8) learn generation model @ Sun Oct 13 17:16:20 EAT 2019
  no generation model requested, skipping step
(9) create moses.ini @ Sun Oct 13 17:16:20 EAT 2019
